TpTrace Verbose: 0 : 12756, 1, 2021/11/24, 18:44:21.615, 6980009822938, vstest.console.dll, Version: 16.11.0
TpTrace Information: 0 : 12756, 1, 2021/11/24, 18:44:21.623, 6980009880784, vstest.console.dll, FilePatternParser: The given file D:\Звіти 3 курс\1 сем\ООП\Lab3\DAL\Lab3.Test\bin\Debug\net5.0\fine-code-coverage\build-output\Lab3.Test.dll is a full path.
TpTrace Verbose: 0 : 12756, 1, 2021/11/24, 18:44:21.628, 6980009932856, vstest.console.dll, TestPluginCache.DiscoverTestExtensions: finding test extensions in assemblies ends with: RuntimeProvider.dll TPluginInfo: Microsoft.VisualStudio.TestPlatform.Common.ExtensionFramework.Utilities.TestRuntimePluginInformation TExtension: Microsoft.VisualStudio.TestPlatform.ObjectModel.Host.ITestRuntimeProvider
TpTrace Verbose: 0 : 12756, 1, 2021/11/24, 18:44:21.628, 6980009936664, vstest.console.dll, TestPluginCache.GetExtensionPaths: Filtered extension paths: 
TpTrace Verbose: 0 : 12756, 1, 2021/11/24, 18:44:21.628, 6980009937483, vstest.console.dll, TestPluginCache.GetExtensionPaths: Added default extension paths: C:\Program Files\dotnet\sdk\5.0.402\Extensions\Microsoft.Diagnostics.NETCore.Client.dll
C:\Program Files\dotnet\sdk\5.0.402\Extensions\Microsoft.TestPlatform.Extensions.BlameDataCollector.dll
C:\Program Files\dotnet\sdk\5.0.402\Extensions\Microsoft.TestPlatform.Extensions.EventLogCollector.dll
C:\Program Files\dotnet\sdk\5.0.402\Extensions\Microsoft.TestPlatform.TestHostRuntimeProvider.dll
C:\Program Files\dotnet\sdk\5.0.402\Extensions\Microsoft.VisualStudio.TestPlatform.Extensions.Html.TestLogger.dll
C:\Program Files\dotnet\sdk\5.0.402\Extensions\Microsoft.VisualStudio.TestPlatform.Extensions.Trx.TestLogger.dll
TpTrace Verbose: 0 : 12756, 1, 2021/11/24, 18:44:21.628, 6980009937825, vstest.console.dll, TestPluginCache.GetExtensionPaths: Added unfilterableExtensionPaths: 
TpTrace Information: 0 : 12756, 1, 2021/11/24, 18:44:21.629, 6980009943738, vstest.console.dll, AssemblyResolver.ctor: Creating AssemblyResolver with searchDirectories C:\Program Files\dotnet\sdk\5.0.402\Extensions,C:\Program Files\dotnet\sdk\5.0.402
TpTrace Verbose: 0 : 12756, 1, 2021/11/24, 18:44:21.630, 6980009950039, vstest.console.dll, TestPluginCache.DiscoverTestExtensions: Discovering the extensions using extension path.
TpTrace Verbose: 0 : 12756, 1, 2021/11/24, 18:44:21.630, 6980009950933, vstest.console.dll, TestPluginCache.GetExtensionPaths: Filtered extension paths: 
TpTrace Verbose: 0 : 12756, 1, 2021/11/24, 18:44:21.630, 6980009951339, vstest.console.dll, TestPluginCache.GetExtensionPaths: Added default extension paths: C:\Program Files\dotnet\sdk\5.0.402\Extensions\Microsoft.Diagnostics.NETCore.Client.dll
C:\Program Files\dotnet\sdk\5.0.402\Extensions\Microsoft.TestPlatform.Extensions.BlameDataCollector.dll
C:\Program Files\dotnet\sdk\5.0.402\Extensions\Microsoft.TestPlatform.Extensions.EventLogCollector.dll
C:\Program Files\dotnet\sdk\5.0.402\Extensions\Microsoft.TestPlatform.TestHostRuntimeProvider.dll
C:\Program Files\dotnet\sdk\5.0.402\Extensions\Microsoft.VisualStudio.TestPlatform.Extensions.Html.TestLogger.dll
C:\Program Files\dotnet\sdk\5.0.402\Extensions\Microsoft.VisualStudio.TestPlatform.Extensions.Trx.TestLogger.dll
TpTrace Verbose: 0 : 12756, 1, 2021/11/24, 18:44:21.630, 6980009951623, vstest.console.dll, TestPluginCache.GetExtensionPaths: Added unfilterableExtensionPaths: 
TpTrace Verbose: 0 : 12756, 1, 2021/11/24, 18:44:21.630, 6980009952152, vstest.console.dll, TestPluginCache.DiscoverTestExtensions: Discovering the extensions using allExtensionPaths: C:\Program Files\dotnet\sdk\5.0.402\Extensions\Microsoft.Diagnostics.NETCore.Client.dll
C:\Program Files\dotnet\sdk\5.0.402\Extensions\Microsoft.TestPlatform.Extensions.BlameDataCollector.dll
C:\Program Files\dotnet\sdk\5.0.402\Extensions\Microsoft.TestPlatform.Extensions.EventLogCollector.dll
C:\Program Files\dotnet\sdk\5.0.402\Extensions\Microsoft.TestPlatform.TestHostRuntimeProvider.dll
C:\Program Files\dotnet\sdk\5.0.402\Extensions\Microsoft.VisualStudio.TestPlatform.Extensions.Html.TestLogger.dll
C:\Program Files\dotnet\sdk\5.0.402\Extensions\Microsoft.VisualStudio.TestPlatform.Extensions.Trx.TestLogger.dll
TpTrace Information: 0 : 12756, 1, 2021/11/24, 18:44:21.630, 6980009953332, vstest.console.dll, AssemblyResolver.AddSearchDirectories: Adding more searchDirectories C:\Program Files\dotnet\sdk\5.0.402\Extensions,C:\Program Files\dotnet\sdk\5.0.402
TpTrace Information: 0 : 12756, 1, 2021/11/24, 18:44:21.630, 6980009953891, vstest.console.dll, AssemblyResolver.AddSearchDirectories: Adding more searchDirectories C:\Program Files\dotnet\sdk\5.0.402\Extensions,C:\Program Files\dotnet\sdk\5.0.402
TpTrace Information: 0 : 12756, 1, 2021/11/24, 18:44:21.630, 6980009954227, vstest.console.dll, AssemblyResolver.AddSearchDirectories: Adding more searchDirectories C:\Program Files\dotnet\sdk\5.0.402\Extensions,C:\Program Files\dotnet\sdk\5.0.402
TpTrace Information: 0 : 12756, 1, 2021/11/24, 18:44:21.630, 6980009954493, vstest.console.dll, AssemblyResolver.AddSearchDirectories: Adding more searchDirectories C:\Program Files\dotnet\sdk\5.0.402\Extensions,C:\Program Files\dotnet\sdk\5.0.402
TpTrace Information: 0 : 12756, 1, 2021/11/24, 18:44:21.630, 6980009954786, vstest.console.dll, AssemblyResolver.AddSearchDirectories: Adding more searchDirectories C:\Program Files\dotnet\sdk\5.0.402\Extensions,C:\Program Files\dotnet\sdk\5.0.402
TpTrace Information: 0 : 12756, 1, 2021/11/24, 18:44:21.630, 6980009955041, vstest.console.dll, AssemblyResolver.AddSearchDirectories: Adding more searchDirectories C:\Program Files\dotnet\sdk\5.0.402\Extensions,C:\Program Files\dotnet\sdk\5.0.402
TpTrace Information: 0 : 12756, 1, 2021/11/24, 18:44:21.630, 6980009957651, vstest.console.dll, AssemblyResolver.OnResolve: Microsoft.Diagnostics.NETCore.Client: Resolving assembly.
TpTrace Information: 0 : 12756, 1, 2021/11/24, 18:44:21.630, 6980009958219, vstest.console.dll, AssemblyResolver.OnResolve: Microsoft.Diagnostics.NETCore.Client: Searching in: 'C:\Program Files\dotnet\sdk\5.0.402\Extensions'.
TpTrace Information: 0 : 12756, 1, 2021/11/24, 18:44:21.631, 6980009963489, vstest.console.dll, AssemblyResolver.OnResolve: Microsoft.Diagnostics.NETCore.Client: Loading assembly 'C:\Program Files\dotnet\sdk\5.0.402\Extensions\Microsoft.Diagnostics.NETCore.Client.dll'.
TpTrace Information: 0 : 12756, 1, 2021/11/24, 18:44:21.632, 6980009969216, vstest.console.dll, AssemblyResolver.OnResolve: Resolved assembly: Microsoft.Diagnostics.NETCore.Client, from path: C:\Program Files\dotnet\sdk\5.0.402\Extensions\Microsoft.Diagnostics.NETCore.Client.dll
TpTrace Information: 0 : 12756, 1, 2021/11/24, 18:44:21.633, 6980009987101, vstest.console.dll, AssemblyResolver.OnResolve: Microsoft.Bcl.AsyncInterfaces: Resolving assembly.
TpTrace Information: 0 : 12756, 1, 2021/11/24, 18:44:21.633, 6980009987732, vstest.console.dll, AssemblyResolver.OnResolve: Microsoft.Bcl.AsyncInterfaces: Searching in: 'C:\Program Files\dotnet\sdk\5.0.402\Extensions'.
TpTrace Information: 0 : 12756, 1, 2021/11/24, 18:44:21.633, 6980009988418, vstest.console.dll, AssemblyResolver.OnResolve: Microsoft.Bcl.AsyncInterfaces: Assembly path does not exist: 'C:\Program Files\dotnet\sdk\5.0.402\Extensions\Microsoft.Bcl.AsyncInterfaces.dll', returning.
TpTrace Information: 0 : 12756, 1, 2021/11/24, 18:44:21.634, 6980009988945, vstest.console.dll, AssemblyResolver.OnResolve: Microsoft.Bcl.AsyncInterfaces: Assembly path does not exist: 'C:\Program Files\dotnet\sdk\5.0.402\Extensions\Microsoft.Bcl.AsyncInterfaces.exe', returning.
TpTrace Information: 0 : 12756, 1, 2021/11/24, 18:44:21.634, 6980009989283, vstest.console.dll, AssemblyResolver.OnResolve: Microsoft.Bcl.AsyncInterfaces: Searching in: 'C:\Program Files\dotnet\sdk\5.0.402'.
TpTrace Information: 0 : 12756, 1, 2021/11/24, 18:44:21.634, 6980009989813, vstest.console.dll, AssemblyResolver.OnResolve: Microsoft.Bcl.AsyncInterfaces: Assembly path does not exist: 'C:\Program Files\dotnet\sdk\5.0.402\Microsoft.Bcl.AsyncInterfaces.dll', returning.
TpTrace Information: 0 : 12756, 1, 2021/11/24, 18:44:21.634, 6980009990330, vstest.console.dll, AssemblyResolver.OnResolve: Microsoft.Bcl.AsyncInterfaces: Assembly path does not exist: 'C:\Program Files\dotnet\sdk\5.0.402\Microsoft.Bcl.AsyncInterfaces.exe', returning.
TpTrace Information: 0 : 12756, 1, 2021/11/24, 18:44:21.634, 6980009990965, vstest.console.dll, AssemblyResolver.OnResolve: Microsoft.Bcl.AsyncInterfaces: Failed to load assembly.
TpTrace Verbose: 0 : 12756, 1, 2021/11/24, 18:44:21.634, 6980009991386, vstest.console.dll, CurrentDomainAssemblyResolve: Resolving assembly 'Microsoft.Bcl.AsyncInterfaces'.
TpTrace Information: 0 : 12756, 1, 2021/11/24, 18:44:21.634, 6980009991901, vstest.console.dll, AssemblyResolver.OnResolve: Microsoft.Bcl.AsyncInterfaces: Resolving assembly.
TpTrace Information: 0 : 12756, 1, 2021/11/24, 18:44:21.634, 6980009992216, vstest.console.dll, AssemblyResolver.OnResolve: Microsoft.Bcl.AsyncInterfaces: Resolved from cache.
TpTrace Verbose: 0 : 12756, 1, 2021/11/24, 18:44:21.634, 6980009992481, vstest.console.dll, CurrentDomainAssemblyResolve: Resolving assembly 'Microsoft.Bcl.AsyncInterfaces'.
TpTrace Verbose: 0 : 12756, 1, 2021/11/24, 18:44:21.634, 6980009992781, vstest.console.dll, CurrentDomainAssemblyResolve: Failed to resolve assembly 'Microsoft.Bcl.AsyncInterfaces'.
TpTrace Verbose: 0 : 12756, 1, 2021/11/24, 18:44:21.635, 6980009999045, vstest.console.dll, CurrentDomainAssemblyResolve: Failed to resolve assembly 'Microsoft.Bcl.AsyncInterfaces'.
TpTrace Warning: 0 : 12756, 1, 2021/11/24, 18:44:21.645, 6980010103095, vstest.console.dll, TestPluginDiscoverer: Failed to get types from assembly 'Microsoft.Diagnostics.NETCore.Client, Version=0.2.2.41902, Culture=neutral, PublicKeyToken=31bf3856ad364e35'.  Skipping test extension scan for this assembly.  Error: System.Reflection.ReflectionTypeLoadException: Unable to load one or more of the requested types.
Could not load file or assembly 'Microsoft.Bcl.AsyncInterfaces, Version=1.0.0.0, Culture=neutral, PublicKeyToken=cc7b13ffcd2ddd51'. Не удается найти указанный файл.
   at System.Reflection.RuntimeModule.GetTypes(RuntimeModule module)
   at System.Reflection.RuntimeModule.GetTypes()
   at System.Reflection.Assembly.GetTypes()
   at Microsoft.VisualStudio.TestPlatform.Common.ExtensionFramework.TestPluginDiscoverer.GetTestExtensionsFromAssembly[TPluginInfo,TExtension](Assembly assembly, Dictionary`2 pluginInfos)
System.IO.FileNotFoundException: Could not load file or assembly 'Microsoft.Bcl.AsyncInterfaces, Version=1.0.0.0, Culture=neutral, PublicKeyToken=cc7b13ffcd2ddd51'. Не удается найти указанный файл.
File name: 'Microsoft.Bcl.AsyncInterfaces, Version=1.0.0.0, Culture=neutral, PublicKeyToken=cc7b13ffcd2ddd51'
TpTrace Warning: 0 : 12756, 1, 2021/11/24, 18:44:21.645, 6980010103942, vstest.console.dll, LoaderExceptions: System.IO.FileNotFoundException: Could not load file or assembly 'Microsoft.Bcl.AsyncInterfaces, Version=1.0.0.0, Culture=neutral, PublicKeyToken=cc7b13ffcd2ddd51'. Не удается найти указанный файл.
File name: 'Microsoft.Bcl.AsyncInterfaces, Version=1.0.0.0, Culture=neutral, PublicKeyToken=cc7b13ffcd2ddd51'
TpTrace Information: 0 : 12756, 1, 2021/11/24, 18:44:21.645, 6980010104862, vstest.console.dll, AssemblyResolver.OnResolve: Microsoft.TestPlatform.Extensions.BlameDataCollector: Resolving assembly.
TpTrace Information: 0 : 12756, 1, 2021/11/24, 18:44:21.645, 6980010105205, vstest.console.dll, AssemblyResolver.OnResolve: Microsoft.TestPlatform.Extensions.BlameDataCollector: Searching in: 'C:\Program Files\dotnet\sdk\5.0.402\Extensions'.
TpTrace Information: 0 : 12756, 1, 2021/11/24, 18:44:21.645, 6980010108680, vstest.console.dll, AssemblyResolver.OnResolve: Microsoft.TestPlatform.Extensions.BlameDataCollector: Loading assembly 'C:\Program Files\dotnet\sdk\5.0.402\Extensions\Microsoft.TestPlatform.Extensions.BlameDataCollector.dll'.
TpTrace Information: 0 : 12756, 1, 2021/11/24, 18:44:21.646, 6980010112674, vstest.console.dll, AssemblyResolver.OnResolve: Resolved assembly: Microsoft.TestPlatform.Extensions.BlameDataCollector, from path: C:\Program Files\dotnet\sdk\5.0.402\Extensions\Microsoft.TestPlatform.Extensions.BlameDataCollector.dll
TpTrace Information: 0 : 12756, 1, 2021/11/24, 18:44:21.646, 6980010116959, vstest.console.dll, AssemblyResolver.OnResolve: Microsoft.TestPlatform.Extensions.EventLogCollector: Resolving assembly.
TpTrace Information: 0 : 12756, 1, 2021/11/24, 18:44:21.646, 6980010117480, vstest.console.dll, AssemblyResolver.OnResolve: Microsoft.TestPlatform.Extensions.EventLogCollector: Searching in: 'C:\Program Files\dotnet\sdk\5.0.402\Extensions'.
TpTrace Information: 0 : 12756, 1, 2021/11/24, 18:44:21.647, 6980010121041, vstest.console.dll, AssemblyResolver.OnResolve: Microsoft.TestPlatform.Extensions.EventLogCollector: Loading assembly 'C:\Program Files\dotnet\sdk\5.0.402\Extensions\Microsoft.TestPlatform.Extensions.EventLogCollector.dll'.
TpTrace Information: 0 : 12756, 1, 2021/11/24, 18:44:21.647, 6980010126362, vstest.console.dll, AssemblyResolver.OnResolve: Resolved assembly: Microsoft.TestPlatform.Extensions.EventLogCollector, from path: C:\Program Files\dotnet\sdk\5.0.402\Extensions\Microsoft.TestPlatform.Extensions.EventLogCollector.dll
TpTrace Information: 0 : 12756, 1, 2021/11/24, 18:44:21.649, 6980010141131, vstest.console.dll, AssemblyResolver.OnResolve: Microsoft.TestPlatform.TestHostRuntimeProvider: Resolving assembly.
TpTrace Information: 0 : 12756, 1, 2021/11/24, 18:44:21.649, 6980010141645, vstest.console.dll, AssemblyResolver.OnResolve: Microsoft.TestPlatform.TestHostRuntimeProvider: Searching in: 'C:\Program Files\dotnet\sdk\5.0.402\Extensions'.
TpTrace Information: 0 : 12756, 1, 2021/11/24, 18:44:21.649, 6980010144617, vstest.console.dll, AssemblyResolver.OnResolve: Microsoft.TestPlatform.TestHostRuntimeProvider: Loading assembly 'C:\Program Files\dotnet\sdk\5.0.402\Extensions\Microsoft.TestPlatform.TestHostRuntimeProvider.dll'.
TpTrace Information: 0 : 12756, 1, 2021/11/24, 18:44:21.649, 6980010148319, vstest.console.dll, AssemblyResolver.OnResolve: Resolved assembly: Microsoft.TestPlatform.TestHostRuntimeProvider, from path: C:\Program Files\dotnet\sdk\5.0.402\Extensions\Microsoft.TestPlatform.TestHostRuntimeProvider.dll
TpTrace Information: 0 : 12756, 1, 2021/11/24, 18:44:21.650, 6980010156649, vstest.console.dll, AssemblyResolver.OnResolve: Microsoft.VisualStudio.TestPlatform.Extensions.Html.TestLogger: Resolving assembly.
TpTrace Information: 0 : 12756, 1, 2021/11/24, 18:44:21.650, 6980010157182, vstest.console.dll, AssemblyResolver.OnResolve: Microsoft.VisualStudio.TestPlatform.Extensions.Html.TestLogger: Searching in: 'C:\Program Files\dotnet\sdk\5.0.402\Extensions'.
TpTrace Information: 0 : 12756, 1, 2021/11/24, 18:44:21.651, 6980010160639, vstest.console.dll, AssemblyResolver.OnResolve: Microsoft.VisualStudio.TestPlatform.Extensions.Html.TestLogger: Loading assembly 'C:\Program Files\dotnet\sdk\5.0.402\Extensions\Microsoft.VisualStudio.TestPlatform.Extensions.Html.TestLogger.dll'.
TpTrace Information: 0 : 12756, 1, 2021/11/24, 18:44:21.651, 6980010165743, vstest.console.dll, AssemblyResolver.OnResolve: Resolved assembly: Microsoft.VisualStudio.TestPlatform.Extensions.Html.TestLogger, from path: C:\Program Files\dotnet\sdk\5.0.402\Extensions\Microsoft.VisualStudio.TestPlatform.Extensions.Html.TestLogger.dll
TpTrace Information: 0 : 12756, 1, 2021/11/24, 18:44:21.651, 6980010168368, vstest.console.dll, AssemblyResolver.OnResolve: Microsoft.VisualStudio.TestPlatform.Extensions.Trx.TestLogger: Resolving assembly.
TpTrace Information: 0 : 12756, 1, 2021/11/24, 18:44:21.652, 6980010168849, vstest.console.dll, AssemblyResolver.OnResolve: Microsoft.VisualStudio.TestPlatform.Extensions.Trx.TestLogger: Searching in: 'C:\Program Files\dotnet\sdk\5.0.402\Extensions'.
TpTrace Information: 0 : 12756, 1, 2021/11/24, 18:44:21.652, 6980010172224, vstest.console.dll, AssemblyResolver.OnResolve: Microsoft.VisualStudio.TestPlatform.Extensions.Trx.TestLogger: Loading assembly 'C:\Program Files\dotnet\sdk\5.0.402\Extensions\Microsoft.VisualStudio.TestPlatform.Extensions.Trx.TestLogger.dll'.
TpTrace Information: 0 : 12756, 1, 2021/11/24, 18:44:21.652, 6980010176825, vstest.console.dll, AssemblyResolver.OnResolve: Resolved assembly: Microsoft.VisualStudio.TestPlatform.Extensions.Trx.TestLogger, from path: C:\Program Files\dotnet\sdk\5.0.402\Extensions\Microsoft.VisualStudio.TestPlatform.Extensions.Trx.TestLogger.dll
TpTrace Verbose: 0 : 12756, 1, 2021/11/24, 18:44:21.653, 6980010180758, vstest.console.dll, TestPluginCache: Discovered the extensions using extension path ''.
TpTrace Verbose: 0 : 12756, 1, 2021/11/24, 18:44:21.653, 6980010181199, vstest.console.dll, TestPluginCache: Discoverers are ''.
TpTrace Verbose: 0 : 12756, 1, 2021/11/24, 18:44:21.653, 6980010181444, vstest.console.dll, TestPluginCache: Executors are ''.
TpTrace Verbose: 0 : 12756, 1, 2021/11/24, 18:44:21.653, 6980010181659, vstest.console.dll, TestPluginCache: Executors2 are ''.
TpTrace Verbose: 0 : 12756, 1, 2021/11/24, 18:44:21.653, 6980010181866, vstest.console.dll, TestPluginCache: Setting providers are ''.
TpTrace Verbose: 0 : 12756, 1, 2021/11/24, 18:44:21.653, 6980010182072, vstest.console.dll, TestPluginCache: Loggers are ''.
TpTrace Information: 0 : 12756, 1, 2021/11/24, 18:44:21.656, 6980010217720, vstest.console.dll, RunTestsArgumentProcessor:Execute: Test run is starting.
TpTrace Verbose: 0 : 12756, 1, 2021/11/24, 18:44:21.656, 6980010218321, vstest.console.dll, RunTestsArgumentProcessor:Execute: Queuing Test run.
TpTrace Information: 0 : 12756, 1, 2021/11/24, 18:44:21.657, 6980010219629, vstest.console.dll, TestRequestManager.RunTests: run tests started.
TpTrace Information: 0 : 12756, 1, 2021/11/24, 18:44:21.659, 6980010241317, vstest.console.dll, AssemblyMetadataProvider.GetFrameWork: Determined framework:'.NETCoreApp,Version=v5.0' for source: 'D:\Звіти 3 курс\1 сем\ООП\Lab3\DAL\Lab3.Test\bin\Debug\net5.0\fine-code-coverage\build-output\Lab3.Test.dll'
TpTrace Information: 0 : 12756, 1, 2021/11/24, 18:44:21.659, 6980010242672, vstest.console.dll, Determined framework for all sources: .NETCoreApp,Version=v5.0
TpTrace Information: 0 : 12756, 1, 2021/11/24, 18:44:21.659, 6980010246020, vstest.console.dll, AssemblyMetadataProvider.GetArchitecture: Determined architecture:AnyCPU info for assembly: D:\Звіти 3 курс\1 сем\ООП\Lab3\DAL\Lab3.Test\bin\Debug\net5.0\fine-code-coverage\build-output\Lab3.Test.dll
TpTrace Information: 0 : 12756, 1, 2021/11/24, 18:44:21.661, 6980010259408, vstest.console.dll, Determined platform for all sources: X64
TpTrace Information: 0 : 12756, 1, 2021/11/24, 18:44:21.662, 6980010278206, vstest.console.dll, Compatible sources list : 
TpTrace Information: 0 : 12756, 1, 2021/11/24, 18:44:21.663, 6980010278820, vstest.console.dll, D:\Звіти 3 курс\1 сем\ООП\Lab3\DAL\Lab3.Test\bin\Debug\net5.0\fine-code-coverage\build-output\Lab3.Test.dll
TpTrace Information: 0 : 12756, 1, 2021/11/24, 18:44:21.664, 6980010294701, vstest.console.dll, InferRunSettingsHelper.IsTestSettingsEnabled: Unable to navigate to RunSettings/MSTest. Current node: RunSettings
TpTrace Information: 0 : 12756, 1, 2021/11/24, 18:44:21.665, 6980010299896, vstest.console.dll, AssemblyResolver.OnResolve: Microsoft.VisualStudio.TestPlatform.Fakes: Resolving assembly.
TpTrace Information: 0 : 12756, 1, 2021/11/24, 18:44:21.665, 6980010300406, vstest.console.dll, AssemblyResolver.OnResolve: Microsoft.VisualStudio.TestPlatform.Fakes: Searching in: 'C:\Program Files\dotnet\sdk\5.0.402\Extensions'.
TpTrace Information: 0 : 12756, 1, 2021/11/24, 18:44:21.665, 6980010301310, vstest.console.dll, AssemblyResolver.OnResolve: Microsoft.VisualStudio.TestPlatform.Fakes: Assembly path does not exist: 'C:\Program Files\dotnet\sdk\5.0.402\Extensions\Microsoft.VisualStudio.TestPlatform.Fakes.dll', returning.
TpTrace Information: 0 : 12756, 1, 2021/11/24, 18:44:21.665, 6980010301903, vstest.console.dll, AssemblyResolver.OnResolve: Microsoft.VisualStudio.TestPlatform.Fakes: Assembly path does not exist: 'C:\Program Files\dotnet\sdk\5.0.402\Extensions\Microsoft.VisualStudio.TestPlatform.Fakes.exe', returning.
TpTrace Information: 0 : 12756, 1, 2021/11/24, 18:44:21.665, 6980010302210, vstest.console.dll, AssemblyResolver.OnResolve: Microsoft.VisualStudio.TestPlatform.Fakes: Searching in: 'C:\Program Files\dotnet\sdk\5.0.402'.
TpTrace Information: 0 : 12756, 1, 2021/11/24, 18:44:21.665, 6980010302989, vstest.console.dll, AssemblyResolver.OnResolve: Microsoft.VisualStudio.TestPlatform.Fakes: Assembly path does not exist: 'C:\Program Files\dotnet\sdk\5.0.402\Microsoft.VisualStudio.TestPlatform.Fakes.dll', returning.
TpTrace Information: 0 : 12756, 1, 2021/11/24, 18:44:21.665, 6980010303905, vstest.console.dll, AssemblyResolver.OnResolve: Microsoft.VisualStudio.TestPlatform.Fakes: Assembly path does not exist: 'C:\Program Files\dotnet\sdk\5.0.402\Microsoft.VisualStudio.TestPlatform.Fakes.exe', returning.
TpTrace Information: 0 : 12756, 1, 2021/11/24, 18:44:21.665, 6980010304226, vstest.console.dll, AssemblyResolver.OnResolve: Microsoft.VisualStudio.TestPlatform.Fakes: Failed to load assembly.
TpTrace Information: 0 : 12756, 1, 2021/11/24, 18:44:21.665, 6980010307033, vstest.console.dll, Failed to create newly implemented Fakes Configurator. Reason:System.IO.FileNotFoundException: Could not load file or assembly 'Microsoft.VisualStudio.TestPlatform.Fakes, Version=16.0.0.0, Culture=neutral, PublicKeyToken=null'. Не удается найти указанный файл.
File name: 'Microsoft.VisualStudio.TestPlatform.Fakes, Version=16.0.0.0, Culture=neutral, PublicKeyToken=null'
   at System.Reflection.RuntimeAssembly.InternalLoad(ObjectHandleOnStack assemblyName, ObjectHandleOnStack requestingAssembly, StackCrawlMarkHandle stackMark, Boolean throwOnFileNotFound, ObjectHandleOnStack assemblyLoadContext, ObjectHandleOnStack retAssembly)
   at System.Reflection.RuntimeAssembly.InternalLoad(AssemblyName assemblyName, RuntimeAssembly requestingAssembly, StackCrawlMark& stackMark, Boolean throwOnFileNotFound, AssemblyLoadContext assemblyLoadContext)
   at System.Reflection.Assembly.Load(AssemblyName assemblyRef)
   at Microsoft.VisualStudio.TestPlatform.Common.Utilities.FakesUtilities.TryGetFakesCrossPlatformDataCollectorConfigurator() 
TpTrace Verbose: 0 : 12756, 1, 2021/11/24, 18:44:21.668, 6980010334077, vstest.console.dll, TestPluginCache.DiscoverTestExtensions: finding test extensions in assemblies ends with: TestLogger.dll TPluginInfo: Microsoft.VisualStudio.TestPlatform.Common.ExtensionFramework.Utilities.TestLoggerPluginInformation TExtension: Microsoft.VisualStudio.TestPlatform.ObjectModel.Client.ITestLogger
TpTrace Verbose: 0 : 12756, 1, 2021/11/24, 18:44:21.668, 6980010334877, vstest.console.dll, TestPluginCache.GetExtensionPaths: Filtered extension paths: 
TpTrace Verbose: 0 : 12756, 1, 2021/11/24, 18:44:21.668, 6980010335186, vstest.console.dll, TestPluginCache.GetExtensionPaths: Added default extension paths: C:\Program Files\dotnet\sdk\5.0.402\Extensions\Microsoft.Diagnostics.NETCore.Client.dll
C:\Program Files\dotnet\sdk\5.0.402\Extensions\Microsoft.TestPlatform.Extensions.BlameDataCollector.dll
C:\Program Files\dotnet\sdk\5.0.402\Extensions\Microsoft.TestPlatform.Extensions.EventLogCollector.dll
C:\Program Files\dotnet\sdk\5.0.402\Extensions\Microsoft.TestPlatform.TestHostRuntimeProvider.dll
C:\Program Files\dotnet\sdk\5.0.402\Extensions\Microsoft.VisualStudio.TestPlatform.Extensions.Html.TestLogger.dll
C:\Program Files\dotnet\sdk\5.0.402\Extensions\Microsoft.VisualStudio.TestPlatform.Extensions.Trx.TestLogger.dll
TpTrace Verbose: 0 : 12756, 1, 2021/11/24, 18:44:21.668, 6980010335446, vstest.console.dll, TestPluginCache.GetExtensionPaths: Added unfilterableExtensionPaths: 
TpTrace Information: 0 : 12756, 1, 2021/11/24, 18:44:21.668, 6980010336749, vstest.console.dll, AssemblyResolver.AddSearchDirectories: Adding more searchDirectories C:\Program Files\dotnet\sdk\5.0.402\Extensions,C:\Program Files\dotnet\sdk\5.0.402
TpTrace Verbose: 0 : 12756, 1, 2021/11/24, 18:44:21.668, 6980010337127, vstest.console.dll, TestPluginCache.DiscoverTestExtensions: Discovering the extensions using extension path.
TpTrace Verbose: 0 : 12756, 1, 2021/11/24, 18:44:21.668, 6980010337414, vstest.console.dll, TestPluginCache.GetExtensionPaths: Filtered extension paths: 
TpTrace Verbose: 0 : 12756, 1, 2021/11/24, 18:44:21.668, 6980010337729, vstest.console.dll, TestPluginCache.GetExtensionPaths: Added default extension paths: C:\Program Files\dotnet\sdk\5.0.402\Extensions\Microsoft.Diagnostics.NETCore.Client.dll
C:\Program Files\dotnet\sdk\5.0.402\Extensions\Microsoft.TestPlatform.Extensions.BlameDataCollector.dll
C:\Program Files\dotnet\sdk\5.0.402\Extensions\Microsoft.TestPlatform.Extensions.EventLogCollector.dll
C:\Program Files\dotnet\sdk\5.0.402\Extensions\Microsoft.TestPlatform.TestHostRuntimeProvider.dll
C:\Program Files\dotnet\sdk\5.0.402\Extensions\Microsoft.VisualStudio.TestPlatform.Extensions.Html.TestLogger.dll
C:\Program Files\dotnet\sdk\5.0.402\Extensions\Microsoft.VisualStudio.TestPlatform.Extensions.Trx.TestLogger.dll
TpTrace Verbose: 0 : 12756, 1, 2021/11/24, 18:44:21.668, 6980010337985, vstest.console.dll, TestPluginCache.GetExtensionPaths: Added unfilterableExtensionPaths: 
TpTrace Verbose: 0 : 12756, 1, 2021/11/24, 18:44:21.668, 6980010338276, vstest.console.dll, TestPluginCache.DiscoverTestExtensions: Discovering the extensions using allExtensionPaths: C:\Program Files\dotnet\sdk\5.0.402\Extensions\Microsoft.Diagnostics.NETCore.Client.dll
C:\Program Files\dotnet\sdk\5.0.402\Extensions\Microsoft.TestPlatform.Extensions.BlameDataCollector.dll
C:\Program Files\dotnet\sdk\5.0.402\Extensions\Microsoft.TestPlatform.Extensions.EventLogCollector.dll
C:\Program Files\dotnet\sdk\5.0.402\Extensions\Microsoft.TestPlatform.TestHostRuntimeProvider.dll
C:\Program Files\dotnet\sdk\5.0.402\Extensions\Microsoft.VisualStudio.TestPlatform.Extensions.Html.TestLogger.dll
C:\Program Files\dotnet\sdk\5.0.402\Extensions\Microsoft.VisualStudio.TestPlatform.Extensions.Trx.TestLogger.dll
TpTrace Information: 0 : 12756, 1, 2021/11/24, 18:44:21.668, 6980010338634, vstest.console.dll, AssemblyResolver.AddSearchDirectories: Adding more searchDirectories C:\Program Files\dotnet\sdk\5.0.402\Extensions,C:\Program Files\dotnet\sdk\5.0.402
TpTrace Information: 0 : 12756, 1, 2021/11/24, 18:44:21.669, 6980010338950, vstest.console.dll, AssemblyResolver.AddSearchDirectories: Adding more searchDirectories C:\Program Files\dotnet\sdk\5.0.402\Extensions,C:\Program Files\dotnet\sdk\5.0.402
TpTrace Information: 0 : 12756, 1, 2021/11/24, 18:44:21.669, 6980010339202, vstest.console.dll, AssemblyResolver.AddSearchDirectories: Adding more searchDirectories C:\Program Files\dotnet\sdk\5.0.402\Extensions,C:\Program Files\dotnet\sdk\5.0.402
TpTrace Information: 0 : 12756, 1, 2021/11/24, 18:44:21.669, 6980010339470, vstest.console.dll, AssemblyResolver.AddSearchDirectories: Adding more searchDirectories C:\Program Files\dotnet\sdk\5.0.402\Extensions,C:\Program Files\dotnet\sdk\5.0.402
TpTrace Information: 0 : 12756, 1, 2021/11/24, 18:44:21.669, 6980010339752, vstest.console.dll, AssemblyResolver.AddSearchDirectories: Adding more searchDirectories C:\Program Files\dotnet\sdk\5.0.402\Extensions,C:\Program Files\dotnet\sdk\5.0.402
TpTrace Information: 0 : 12756, 1, 2021/11/24, 18:44:21.669, 6980010339997, vstest.console.dll, AssemblyResolver.AddSearchDirectories: Adding more searchDirectories C:\Program Files\dotnet\sdk\5.0.402\Extensions,C:\Program Files\dotnet\sdk\5.0.402
TpTrace Information: 0 : 12756, 1, 2021/11/24, 18:44:21.669, 6980010341835, vstest.console.dll, AssemblyResolver.OnResolve: Microsoft.Bcl.AsyncInterfaces: Resolving assembly.
TpTrace Information: 0 : 12756, 1, 2021/11/24, 18:44:21.669, 6980010342176, vstest.console.dll, AssemblyResolver.OnResolve: Microsoft.Bcl.AsyncInterfaces: Resolved from cache.
TpTrace Verbose: 0 : 12756, 1, 2021/11/24, 18:44:21.669, 6980010342490, vstest.console.dll, CurrentDomainAssemblyResolve: Resolving assembly 'Microsoft.Bcl.AsyncInterfaces'.
TpTrace Information: 0 : 12756, 1, 2021/11/24, 18:44:21.669, 6980010342913, vstest.console.dll, AssemblyResolver.OnResolve: Microsoft.Bcl.AsyncInterfaces: Resolving assembly.
TpTrace Information: 0 : 12756, 1, 2021/11/24, 18:44:21.669, 6980010343198, vstest.console.dll, AssemblyResolver.OnResolve: Microsoft.Bcl.AsyncInterfaces: Resolved from cache.
TpTrace Verbose: 0 : 12756, 1, 2021/11/24, 18:44:21.669, 6980010343476, vstest.console.dll, CurrentDomainAssemblyResolve: Resolving assembly 'Microsoft.Bcl.AsyncInterfaces'.
TpTrace Verbose: 0 : 12756, 1, 2021/11/24, 18:44:21.669, 6980010343713, vstest.console.dll, CurrentDomainAssemblyResolve: Failed to resolve assembly 'Microsoft.Bcl.AsyncInterfaces'.
TpTrace Verbose: 0 : 12756, 1, 2021/11/24, 18:44:21.669, 6980010344926, vstest.console.dll, CurrentDomainAssemblyResolve: Failed to resolve assembly 'Microsoft.Bcl.AsyncInterfaces'.
TpTrace Warning: 0 : 12756, 1, 2021/11/24, 18:44:21.669, 6980010346955, vstest.console.dll, TestPluginDiscoverer: Failed to get types from assembly 'Microsoft.Diagnostics.NETCore.Client, Version=0.2.2.41902, Culture=neutral, PublicKeyToken=31bf3856ad364e35'.  Skipping test extension scan for this assembly.  Error: System.Reflection.ReflectionTypeLoadException: Unable to load one or more of the requested types.
Could not load file or assembly 'Microsoft.Bcl.AsyncInterfaces, Version=1.0.0.0, Culture=neutral, PublicKeyToken=cc7b13ffcd2ddd51'. Не удается найти указанный файл.
   at System.Reflection.RuntimeModule.GetTypes(RuntimeModule module)
   at System.Reflection.RuntimeModule.GetTypes()
   at System.Reflection.Assembly.GetTypes()
   at Microsoft.VisualStudio.TestPlatform.Common.ExtensionFramework.TestPluginDiscoverer.GetTestExtensionsFromAssembly[TPluginInfo,TExtension](Assembly assembly, Dictionary`2 pluginInfos)
System.IO.FileNotFoundException: Could not load file or assembly 'Microsoft.Bcl.AsyncInterfaces, Version=1.0.0.0, Culture=neutral, PublicKeyToken=cc7b13ffcd2ddd51'. Не удается найти указанный файл.
File name: 'Microsoft.Bcl.AsyncInterfaces, Version=1.0.0.0, Culture=neutral, PublicKeyToken=cc7b13ffcd2ddd51'
TpTrace Warning: 0 : 12756, 1, 2021/11/24, 18:44:21.669, 6980010347389, vstest.console.dll, LoaderExceptions: System.IO.FileNotFoundException: Could not load file or assembly 'Microsoft.Bcl.AsyncInterfaces, Version=1.0.0.0, Culture=neutral, PublicKeyToken=cc7b13ffcd2ddd51'. Не удается найти указанный файл.
File name: 'Microsoft.Bcl.AsyncInterfaces, Version=1.0.0.0, Culture=neutral, PublicKeyToken=cc7b13ffcd2ddd51'
TpTrace Verbose: 0 : 12756, 1, 2021/11/24, 18:44:21.670, 6980010350131, vstest.console.dll, TestPluginCache: Discovered the extensions using extension path ''.
TpTrace Verbose: 0 : 12756, 1, 2021/11/24, 18:44:21.670, 6980010350476, vstest.console.dll, TestPluginCache: Discoverers are ''.
TpTrace Verbose: 0 : 12756, 1, 2021/11/24, 18:44:21.670, 6980010350708, vstest.console.dll, TestPluginCache: Executors are ''.
TpTrace Verbose: 0 : 12756, 1, 2021/11/24, 18:44:21.670, 6980010350920, vstest.console.dll, TestPluginCache: Executors2 are ''.
TpTrace Verbose: 0 : 12756, 1, 2021/11/24, 18:44:21.670, 6980010351177, vstest.console.dll, TestPluginCache: Setting providers are ''.
TpTrace Verbose: 0 : 12756, 1, 2021/11/24, 18:44:21.670, 6980010351742, vstest.console.dll, TestPluginCache: Loggers are 'logger://Microsoft/TestPlatform/Extensions/Blame/v1,logger://Microsoft/TestPlatform/HtmlLogger/v1,logger://Microsoft/TestPlatform/TrxLogger/v1'.
TpTrace Information: 0 : 12756, 1, 2021/11/24, 18:44:21.670, 6980010356648, vstest.console.dll, TestPluginManager.CreateTestExtension: Attempting to load test extension: Microsoft.TestPlatform.Extensions.BlameDataCollector.BlameLogger
TpTrace Information: 0 : 12756, 1, 2021/11/24, 18:44:21.677, 6980010421634, vstest.console.dll, TestPluginManager.CreateTestExtension: Attempting to load test extension: Microsoft.VisualStudio.TestPlatform.CrossPlatEngine.Hosting.DefaultTestHostManager
TpTrace Information: 0 : 12756, 1, 2021/11/24, 18:44:21.677, 6980010424137, vstest.console.dll, TestPluginManager.CreateTestExtension: Attempting to load test extension: Microsoft.VisualStudio.TestPlatform.CrossPlatEngine.Hosting.DotnetTestHostManager
TpTrace Verbose: 0 : 12756, 1, 2021/11/24, 18:44:21.677, 6980010428595, vstest.console.dll, TestEngine: Initializing Parallel Execution as MaxCpuCount is set to: 1
TpTrace Information: 0 : 12756, 1, 2021/11/24, 18:44:21.678, 6980010435613, vstest.console.dll, InferRunSettingsHelper.IsTestSettingsEnabled: Unable to navigate to RunSettings/MSTest. Current node: RunSettings
TpTrace Verbose: 0 : 12756, 1, 2021/11/24, 18:44:21.688, 6980010532002, vstest.console.dll, TestRequestSender is acting as server
TpTrace Verbose: 0 : 12756, 4, 2021/11/24, 18:44:21.690, 6980010554915, vstest.console.dll, DataCollectionRequestSender.InitializeCommunication : Initialize communication. 
TpTrace Information: 0 : 12756, 4, 2021/11/24, 18:44:21.698, 6980010635006, vstest.console.dll, Listening on Endpoint : 127.0.0.1:62390
TpTrace Verbose: 0 : 12756, 4, 2021/11/24, 18:44:21.706, 6980010715624, vstest.console.dll, DotnetDataCollectionLauncher: Full path of dotnet.exe is C:\Program Files\dotnet\dotnet.exe
TpTrace Verbose: 0 : 12756, 4, 2021/11/24, 18:44:21.706, 6980010716903, vstest.console.dll, DotnetDataCollectionLauncher: Adding  --runtimeconfig "C:\Program Files\dotnet\sdk\5.0.402\datacollector.runtimeconfig.json" in args
TpTrace Verbose: 0 : 12756, 4, 2021/11/24, 18:44:21.706, 6980010717622, vstest.console.dll, DotnetDataCollectionLauncher: Adding  --depsfile "C:\Program Files\dotnet\sdk\5.0.402\datacollector.deps.json" in args
TpTrace Information: 0 : 12756, 4, 2021/11/24, 18:44:21.712, 6980010772330, vstest.console.dll, ProxyDataCollectionManager.Initialize: Launched datacollector processId: 1360 port: 62390
TpTrace Information: 0 : 12756, 4, 2021/11/24, 18:44:21.712, 6980010773373, vstest.console.dll, ProxyDataCollectionManager.Initialize: waiting for connection with timeout: 90 seconds
TpTrace Verbose: 0 : 12756, 4, 2021/11/24, 18:44:21.712, 6980010773807, vstest.console.dll, DataCollectionRequestSender.WaitForRequestHandlerConnection : Waiting for connection with timeout: 90000
TpTrace Information: 0 : 12756, 7, 2021/11/24, 18:44:21.830, 6980011949758, vstest.console.dll, Using the buffer size of 16384 bytes
TpTrace Verbose: 0 : 12756, 4, 2021/11/24, 18:44:21.830, 6980011950192, vstest.console.dll, ProxyDataCollectionManager.InvokeDataCollectionServiceAction: Starting.
TpTrace Information: 0 : 12756, 7, 2021/11/24, 18:44:21.830, 6980011950427, vstest.console.dll, Accepted Client request and set the flag
TpTrace Information: 0 : 12756, 4, 2021/11/24, 18:44:21.830, 6980011951115, vstest.console.dll, ProxyDataCollectionManager.BeforeTestRunStart: Get environment variable and port for datacollector processId: 1360 port: 62390
TpTrace Verbose: 0 : 12756, 4, 2021/11/24, 18:44:21.830, 6980011952343, vstest.console.dll, DataCollectionRequestSender.SendBeforeTestRunStartAndGetResult : Send BeforeTestRunStart message with settingsXml <RunSettings><RunConfiguration><ResultsDirectory>D:\Звіти 3 курс\1 сем\ООП\Lab3\DAL\Lab3.Test\bin\Debug\net5.0\fine-code-coverage\coverage-tool-output</ResultsDirectory><TargetPlatform>X64</TargetPlatform><TargetFrameworkVersion>.NETCoreApp,Version=v5.0</TargetFrameworkVersion><DesignMode>False</DesignMode><CollectSourceInformation>False</CollectSourceInformation><TestAdaptersPaths>C:\Program Files\dotnet\sdk\5.0.402\Extensions</TestAdaptersPaths></RunConfiguration><LoggerRunSettings><Loggers><Logger friendlyName="blame" enabled="True" /><Logger friendlyName="Console" uri="logger://microsoft/TestPlatform/ConsoleLogger/v1" assemblyQualifiedName="Microsoft.VisualStudio.TestPlatform.CommandLine.Internal.ConsoleLogger, vstest.console, Version=15.0.0.0, Culture=neutral, PublicKeyToken=b03f5f7f11d50a3a" codeBase="C:\Program Files\dotnet\sdk\5.0.402\vstest.console.dll" enabled="True" /></Loggers></LoggerRunSettings><DataCollectionRunSettings><DataCollectors><DataCollector friendlyName="blame" enabled="True"><Configuration><ResultsDirectory>D:\Звіти 3 курс\1 сем\ООП\Lab3\DAL\Lab3.Test\bin\Debug\net5.0\fine-code-coverage\coverage-tool-output</ResultsDirectory></Configuration></DataCollector></DataCollectors></DataCollectionRunSettings></RunSettings> and sources System.Linq.Enumerable+Concat2Iterator`1[System.String]: 
TpTrace Verbose: 0 : 12756, 4, 2021/11/24, 18:44:21.881, 6980012461514, vstest.console.dll, DataCollectionRequestSender.SendBeforeTestRunStartAndGetResult : Received message: (DataCollection.SendMessage) -> {
  "FriendlyName": null,
  "Uri": null,
  "TestCaseId": "00000000-0000-0000-0000-000000000000",
  "Message": "Logging DataCollector Diagnostics in file: D:\\Звіти 3 курс\\1 сем\\ООП\\Lab3\\DAL\\Lab3.Test\\bin\\Debug\\net5.0\\fine-code-coverage\\coverage-tool-output\\diagnostics.datacollector.21-11-24_18-44-21_70335_4.log",
  "Level": 0
}
TpTrace Information: 0 : 12756, 4, 2021/11/24, 18:44:21.885, 6980012502347, vstest.console.dll, AssemblyResolver.OnResolve: Microsoft.VisualStudio.TestPlatform.Common.resources: Resolving assembly.
TpTrace Information: 0 : 12756, 4, 2021/11/24, 18:44:21.885, 6980012502971, vstest.console.dll, AssemblyResolver.OnResolve: Microsoft.VisualStudio.TestPlatform.Common.resources: Searching in: 'C:\Program Files\dotnet\sdk\5.0.402\Extensions'.
TpTrace Information: 0 : 12756, 4, 2021/11/24, 18:44:21.885, 6980012503906, vstest.console.dll, AssemblyResolver.OnResolve: Microsoft.VisualStudio.TestPlatform.Common.resources: Assembly path does not exist: 'C:\Program Files\dotnet\sdk\5.0.402\Extensions\Microsoft.VisualStudio.TestPlatform.Common.resources.dll', returning.
TpTrace Information: 0 : 12756, 4, 2021/11/24, 18:44:21.885, 6980012504615, vstest.console.dll, AssemblyResolver.OnResolve: Microsoft.VisualStudio.TestPlatform.Common.resources: Assembly path does not exist: 'C:\Program Files\dotnet\sdk\5.0.402\Extensions\Microsoft.VisualStudio.TestPlatform.Common.resources.exe', returning.
TpTrace Information: 0 : 12756, 4, 2021/11/24, 18:44:21.885, 6980012504913, vstest.console.dll, AssemblyResolver.OnResolve: Microsoft.VisualStudio.TestPlatform.Common.resources: Searching in: 'C:\Program Files\dotnet\sdk\5.0.402'.
TpTrace Information: 0 : 12756, 4, 2021/11/24, 18:44:21.885, 6980012505444, vstest.console.dll, AssemblyResolver.OnResolve: Microsoft.VisualStudio.TestPlatform.Common.resources: Assembly path does not exist: 'C:\Program Files\dotnet\sdk\5.0.402\Microsoft.VisualStudio.TestPlatform.Common.resources.dll', returning.
TpTrace Information: 0 : 12756, 4, 2021/11/24, 18:44:21.885, 6980012506079, vstest.console.dll, AssemblyResolver.OnResolve: Microsoft.VisualStudio.TestPlatform.Common.resources: Assembly path does not exist: 'C:\Program Files\dotnet\sdk\5.0.402\Microsoft.VisualStudio.TestPlatform.Common.resources.exe', returning.
TpTrace Information: 0 : 12756, 4, 2021/11/24, 18:44:21.885, 6980012506352, vstest.console.dll, AssemblyResolver.OnResolve: Microsoft.VisualStudio.TestPlatform.Common.resources: Failed to load assembly.
TpTrace Verbose: 0 : 12756, 4, 2021/11/24, 18:44:21.927, 6980012919276, vstest.console.dll, DataCollectionRequestSender.SendBeforeTestRunStartAndGetResult : Received message: (DataCollection.BeforeTestRunStartResult) -> {
  "EnvironmentVariables": {},
  "DataCollectionEventsPort": 62392
}
TpTrace Information: 0 : 12756, 4, 2021/11/24, 18:44:21.929, 6980012945202, vstest.console.dll, ProxyDataCollectionManager.BeforeTestRunStart: SendBeforeTestRunStartAndGetResult successful, env variable from datacollector:   and testhost port: 62392
TpTrace Information: 0 : 12756, 4, 2021/11/24, 18:44:21.929, 6980012945750, vstest.console.dll, ProxyDataCollectionManager.InvokeDataCollectionServiceAction: Completed.
TpTrace Verbose: 0 : 12756, 1, 2021/11/24, 18:44:21.929, 6980012946647, vstest.console.dll, TestRunRequest.ExecuteAsync: Creating test run request.
TpTrace Verbose: 0 : 12756, 1, 2021/11/24, 18:44:21.929, 6980012948388, vstest.console.dll, TestRunRequest.ExecuteAsync: Starting.
TpTrace Information: 0 : 12756, 1, 2021/11/24, 18:44:21.930, 6980012950160, vstest.console.dll, TestRunRequest.ExecuteAsync: Starting run with settings:TestRunCriteria:
   KeepAlive=False,FrequencyOfRunStatsChangeEvent=10,RunStatsChangeEventTimeout=00:00:01.5000000,TestCaseFilter=,TestExecutorLauncher=
   Settingsxml=<RunSettings>
  <RunConfiguration>
    <ResultsDirectory>D:\Звіти 3 курс\1 сем\ООП\Lab3\DAL\Lab3.Test\bin\Debug\net5.0\fine-code-coverage\coverage-tool-output</ResultsDirectory>
    <TargetPlatform>X64</TargetPlatform>
    <TargetFrameworkVersion>.NETCoreApp,Version=v5.0</TargetFrameworkVersion>
    <DesignMode>False</DesignMode>
    <CollectSourceInformation>False</CollectSourceInformation>
  </RunConfiguration>
  <LoggerRunSettings>
    <Loggers>
      <Logger friendlyName="blame" enabled="True" />
      <Logger friendlyName="Console" uri="logger://microsoft/TestPlatform/ConsoleLogger/v1" assemblyQualifiedName="Microsoft.VisualStudio.TestPlatform.CommandLine.Internal.ConsoleLogger, vstest.console, Version=15.0.0.0, Culture=neutral, PublicKeyToken=b03f5f7f11d50a3a" codeBase="C:\Program Files\dotnet\sdk\5.0.402\vstest.console.dll" enabled="True" />
    </Loggers>
  </LoggerRunSettings>
  <DataCollectionRunSettings>
    <DataCollectors>
      <DataCollector friendlyName="blame" enabled="True">
        <Configuration>
          <ResultsDirectory>D:\Звіти 3 курс\1 сем\ООП\Lab3\DAL\Lab3.Test\bin\Debug\net5.0\fine-code-coverage\coverage-tool-output</ResultsDirectory>
        </Configuration>
      </DataCollector>
    </DataCollectors>
  </DataCollectionRunSettings>
</RunSettings>

TpTrace Verbose: 0 : 12756, 1, 2021/11/24, 18:44:21.930, 6980012950638, vstest.console.dll, TestRunRequest.ExecuteAsync: Wait for the first run request is over.
TpTrace Verbose: 0 : 12756, 1, 2021/11/24, 18:44:21.930, 6980012953363, vstest.console.dll, ParallelProxyExecutionManager: Start execution. Total sources: 1
TpTrace Information: 0 : 12756, 1, 2021/11/24, 18:44:21.930, 6980012957137, vstest.console.dll, ProxyParallelExecutionManager: Triggering test run for next source: D:\Звіти 3 курс\1 сем\ООП\Lab3\DAL\Lab3.Test\bin\Debug\net5.0\fine-code-coverage\build-output\Lab3.Test.dll
TpTrace Verbose: 0 : 12756, 1, 2021/11/24, 18:44:21.930, 6980012958404, vstest.console.dll, ProxyParallelExecutionManager: No sources available for execution.
TpTrace Information: 0 : 12756, 1, 2021/11/24, 18:44:21.931, 6980012958785, vstest.console.dll, TestRunRequest.ExecuteAsync: Started.
TpTrace Verbose: 0 : 12756, 6, 2021/11/24, 18:44:21.930, 6980012958388, vstest.console.dll, ParallelProxyExecutionManager: Execution started. Started clients: 1
TpTrace Verbose: 0 : 12756, 1, 2021/11/24, 18:44:21.931, 6980012959257, vstest.console.dll, TestRunRequest.WaitForCompletion: Waiting with timeout -1.
TpTrace Verbose: 0 : 12756, 6, 2021/11/24, 18:44:21.931, 6980012961433, vstest.console.dll, TestRunRequest:SendTestRunMessage: Starting.
TpTrace Information: 0 : 12756, 6, 2021/11/24, 18:44:21.931, 6980012962223, vstest.console.dll, TestRunRequest:SendTestRunMessage: Completed.
TpTrace Verbose: 0 : 12756, 6, 2021/11/24, 18:44:21.931, 6980012963604, vstest.console.dll, ProxyExecutionManager: Test host is always Lazy initialize.
TpTrace Verbose: 0 : 12756, 6, 2021/11/24, 18:44:21.931, 6980012965251, vstest.console.dll, TestRequestSender.InitializeCommunication: initialize communication. 
TpTrace Information: 0 : 12756, 6, 2021/11/24, 18:44:21.932, 6980012968823, vstest.console.dll, SocketServer.Start: Listening on endpoint : 127.0.0.1:62393
TpTrace Verbose: 0 : 12756, 6, 2021/11/24, 18:44:21.932, 6980012973038, vstest.console.dll, DotnetTestHostmanager: Adding  --runtimeconfig "D:\Звіти 3 курс\1 сем\ООП\Lab3\DAL\Lab3.Test\bin\Debug\net5.0\fine-code-coverage\build-output\Lab3.Test.runtimeconfig.json" in args
TpTrace Verbose: 0 : 12756, 6, 2021/11/24, 18:44:21.932, 6980012973531, vstest.console.dll, DotnetTestHostmanager: Adding  --depsfile "D:\Звіти 3 курс\1 сем\ООП\Lab3\DAL\Lab3.Test\bin\Debug\net5.0\fine-code-coverage\build-output\Lab3.Test.deps.json" in args
TpTrace Verbose: 0 : 12756, 6, 2021/11/24, 18:44:21.932, 6980012974694, vstest.console.dll, DotnetTestHostManager: Testhost.exe/testhost.x86.exe found at path: D:\Звіти 3 курс\1 сем\ООП\Lab3\DAL\Lab3.Test\bin\Debug\net5.0\fine-code-coverage\build-output\testhost.exe
TpTrace Verbose: 0 : 12756, 6, 2021/11/24, 18:44:21.932, 6980012975202, vstest.console.dll, DotnetTestHostmanager: Full path of host exe is D:\Звіти 3 курс\1 сем\ООП\Lab3\DAL\Lab3.Test\bin\Debug\net5.0\fine-code-coverage\build-output\testhost.exe
TpTrace Verbose: 0 : 12756, 4, 2021/11/24, 18:44:21.933, 6980012981442, vstest.console.dll, DotnetTestHostManager: Starting process 'D:\Звіти 3 курс\1 сем\ООП\Lab3\DAL\Lab3.Test\bin\Debug\net5.0\fine-code-coverage\build-output\testhost.exe' with command line ' --runtimeconfig "D:\Звіти 3 курс\1 сем\ООП\Lab3\DAL\Lab3.Test\bin\Debug\net5.0\fine-code-coverage\build-output\Lab3.Test.runtimeconfig.json" --depsfile "D:\Звіти 3 курс\1 сем\ООП\Lab3\DAL\Lab3.Test\bin\Debug\net5.0\fine-code-coverage\build-output\Lab3.Test.deps.json" --port 62393 --endpoint 127.0.0.1:062393 --role client --parentprocessid 12756 --diag "D:\Звіти 3 курс\1 сем\ООП\Lab3\DAL\Lab3.Test\bin\Debug\net5.0\fine-code-coverage\coverage-tool-output\diagnostics.host.21-11-24_18-44-21_93222_6.log" --tracelevel 4 --datacollectionport 62392 --telemetryoptedin false'
TpTrace Verbose: 0 : 12756, 4, 2021/11/24, 18:44:21.936, 6980013012472, vstest.console.dll, Test Runtime launched
TpTrace Verbose: 0 : 12756, 6, 2021/11/24, 18:44:21.936, 6980013016926, vstest.console.dll, TestRequestSender.WaitForRequestHandlerConnection: waiting for connection with timeout: 90000
TpTrace Verbose: 0 : 12756, 4, 2021/11/24, 18:44:22.057, 6980014227069, vstest.console.dll, SocketServer.OnClientConnected: Client connected for endPoint: 127.0.0.1:62393, starting MessageLoopAsync:
TpTrace Verbose: 0 : 12756, 4, 2021/11/24, 18:44:22.057, 6980014228470, vstest.console.dll, TcpClientExtensions.MessageLoopAsync: Polling on remoteEndPoint: 127.0.0.1:62394 localEndPoint: 127.0.0.1:62393
TpTrace Verbose: 0 : 12756, 4, 2021/11/24, 18:44:22.161, 6980015264963, vstest.console.dll, TcpClientExtensions.MessageLoopAsync: NotifyDataAvailable remoteEndPoint: 127.0.0.1:62394 localEndPoint: 127.0.0.1:62393
TpTrace Verbose: 0 : 12756, 4, 2021/11/24, 18:44:22.161, 6980015266521, vstest.console.dll, TestRequestSender.CheckVersionWithTestHost: onMessageReceived received message: (ProtocolVersion) -> 5
TpTrace Verbose: 0 : 12756, 4, 2021/11/24, 18:44:22.162, 6980015269065, vstest.console.dll, TcpClientExtensions.MessageLoopAsync: Polling on remoteEndPoint: 127.0.0.1:62394 localEndPoint: 127.0.0.1:62393
TpTrace Verbose: 0 : 12756, 6, 2021/11/24, 18:44:22.162, 6980015269893, vstest.console.dll, TestPluginCache.GetExtensionPaths: Filtered extension paths: 
TpTrace Verbose: 0 : 12756, 6, 2021/11/24, 18:44:22.162, 6980015270418, vstest.console.dll, TestPluginCache.GetExtensionPaths: Added default extension paths: C:\Program Files\dotnet\sdk\5.0.402\Extensions\Microsoft.Diagnostics.NETCore.Client.dll
C:\Program Files\dotnet\sdk\5.0.402\Extensions\Microsoft.TestPlatform.Extensions.BlameDataCollector.dll
C:\Program Files\dotnet\sdk\5.0.402\Extensions\Microsoft.TestPlatform.Extensions.EventLogCollector.dll
C:\Program Files\dotnet\sdk\5.0.402\Extensions\Microsoft.TestPlatform.TestHostRuntimeProvider.dll
C:\Program Files\dotnet\sdk\5.0.402\Extensions\Microsoft.VisualStudio.TestPlatform.Extensions.Html.TestLogger.dll
C:\Program Files\dotnet\sdk\5.0.402\Extensions\Microsoft.VisualStudio.TestPlatform.Extensions.Trx.TestLogger.dll
TpTrace Verbose: 0 : 12756, 6, 2021/11/24, 18:44:22.162, 6980015270748, vstest.console.dll, TestPluginCache.GetExtensionPaths: Added unfilterableExtensionPaths: 
TpTrace Verbose: 0 : 12756, 6, 2021/11/24, 18:44:22.164, 6980015292091, vstest.console.dll, TestRequestSender.InitializeExecution: Sending initializing execution with message: {"Version":5,"MessageType":"TestExecution.Initialize","Payload":["D:\\Звіти 3 курс\\1 сем\\ООП\\Lab3\\DAL\\Lab3.Test\\bin\\Debug\\net5.0\\fine-code-coverage\\build-output\\NUnit3.TestAdapter.dll"]}
TpTrace Verbose: 0 : 12756, 6, 2021/11/24, 18:44:22.169, 6980015341811, vstest.console.dll, TestRequestSender.StartTestRun: Sending test run with message: {"Version":5,"MessageType":"TestExecution.StartWithSources","Payload":{"AdapterSourceMap":{"_none_":["D:\\Звіти 3 курс\\1 сем\\ООП\\Lab3\\DAL\\Lab3.Test\\bin\\Debug\\net5.0\\fine-code-coverage\\build-output\\Lab3.Test.dll"]},"RunSettings":"<RunSettings>\r\n  <RunConfiguration>\r\n    <ResultsDirectory>D:\\Звіти 3 курс\\1 сем\\ООП\\Lab3\\DAL\\Lab3.Test\\bin\\Debug\\net5.0\\fine-code-coverage\\coverage-tool-output</ResultsDirectory>\r\n    <TargetPlatform>X64</TargetPlatform>\r\n    <TargetFrameworkVersion>.NETCoreApp,Version=v5.0</TargetFrameworkVersion>\r\n    <DesignMode>False</DesignMode>\r\n    <CollectSourceInformation>False</CollectSourceInformation>\r\n  </RunConfiguration>\r\n  <LoggerRunSettings>\r\n    <Loggers>\r\n      <Logger friendlyName=\"blame\" enabled=\"True\" />\r\n      <Logger friendlyName=\"Console\" uri=\"logger://microsoft/TestPlatform/ConsoleLogger/v1\" assemblyQualifiedName=\"Microsoft.VisualStudio.TestPlatform.CommandLine.Internal.ConsoleLogger, vstest.console, Version=15.0.0.0, Culture=neutral, PublicKeyToken=b03f5f7f11d50a3a\" codeBase=\"C:\\Program Files\\dotnet\\sdk\\5.0.402\\vstest.console.dll\" enabled=\"True\" />\r\n    </Loggers>\r\n  </LoggerRunSettings>\r\n  <DataCollectionRunSettings>\r\n    <DataCollectors>\r\n      <DataCollector friendlyName=\"blame\" enabled=\"True\">\r\n        <Configuration>\r\n          <ResultsDirectory>D:\\Звіти 3 курс\\1 сем\\ООП\\Lab3\\DAL\\Lab3.Test\\bin\\Debug\\net5.0\\fine-code-coverage\\coverage-tool-output</ResultsDirectory>\r\n        </Configuration>\r\n      </DataCollector>\r\n    </DataCollectors>\r\n  </DataCollectionRunSettings>\r\n</RunSettings>","TestExecutionContext":{"FrequencyOfRunStatsChangeEvent":10,"RunStatsChangeEventTimeout":"00:00:01.5000000","InIsolation":false,"KeepAlive":false,"AreTestCaseLevelEventsRequired":false,"IsDebug":false,"TestCaseFilter":null,"FilterOptions":null},"Package":null}}
TpTrace Verbose: 0 : 12756, 4, 2021/11/24, 18:44:22.170, 6980015353606, vstest.console.dll, TcpClientExtensions.MessageLoopAsync: NotifyDataAvailable remoteEndPoint: 127.0.0.1:62394 localEndPoint: 127.0.0.1:62393
TpTrace Verbose: 0 : 12756, 4, 2021/11/24, 18:44:22.170, 6980015354429, vstest.console.dll, TestRequestSender.OnExecutionMessageReceived: Received message: {"Version":5,"MessageType":"TestSession.Message","Payload":{"MessageLevel":0,"Message":"Ведение журналов диагностики TestHost в файле: D:\\Звіти 3 курс\\1 сем\\ООП\\Lab3\\DAL\\Lab3.Test\\bin\\Debug\\net5.0\\fine-code-coverage\\coverage-tool-output\\diagnostics.host.21-11-24_18-44-21_93222_6.log"}}
TpTrace Verbose: 0 : 12756, 4, 2021/11/24, 18:44:22.171, 6980015366169, vstest.console.dll, TestRunRequest:SendTestRunMessage: Starting.
TpTrace Information: 0 : 12756, 4, 2021/11/24, 18:44:22.171, 6980015366806, vstest.console.dll, TestRunRequest:SendTestRunMessage: Completed.
TpTrace Verbose: 0 : 12756, 4, 2021/11/24, 18:44:22.171, 6980015367106, vstest.console.dll, TcpClientExtensions.MessageLoopAsync: Polling on remoteEndPoint: 127.0.0.1:62394 localEndPoint: 127.0.0.1:62393
TpTrace Verbose: 0 : 12756, 4, 2021/11/24, 18:44:22.281, 6980016460816, vstest.console.dll, TcpClientExtensions.MessageLoopAsync: NotifyDataAvailable remoteEndPoint: 127.0.0.1:62394 localEndPoint: 127.0.0.1:62393
TpTrace Verbose: 0 : 12756, 4, 2021/11/24, 18:44:22.281, 6980016461656, vstest.console.dll, TestRequestSender.OnExecutionMessageReceived: Received message: {"Version":5,"MessageType":"TestSession.Message","Payload":{"MessageLevel":0,"Message":"NUnit Adapter 4.1.0.0: Test execution started"}}
TpTrace Verbose: 0 : 12756, 4, 2021/11/24, 18:44:22.281, 6980016463157, vstest.console.dll, TestRunRequest:SendTestRunMessage: Starting.
TpTrace Information: 0 : 12756, 4, 2021/11/24, 18:44:22.281, 6980016463622, vstest.console.dll, TestRunRequest:SendTestRunMessage: Completed.
TpTrace Verbose: 0 : 12756, 4, 2021/11/24, 18:44:22.281, 6980016463917, vstest.console.dll, TcpClientExtensions.MessageLoopAsync: Polling on remoteEndPoint: 127.0.0.1:62394 localEndPoint: 127.0.0.1:62393
TpTrace Verbose: 0 : 12756, 4, 2021/11/24, 18:44:22.304, 6980016694259, vstest.console.dll, TcpClientExtensions.MessageLoopAsync: NotifyDataAvailable remoteEndPoint: 127.0.0.1:62394 localEndPoint: 127.0.0.1:62393
TpTrace Verbose: 0 : 12756, 4, 2021/11/24, 18:44:22.304, 6980016695286, vstest.console.dll, TestRequestSender.OnExecutionMessageReceived: Received message: {"Version":5,"MessageType":"TestSession.Message","Payload":{"MessageLevel":0,"Message":"Running all tests in D:\\Звіти 3 курс\\1 сем\\ООП\\Lab3\\DAL\\Lab3.Test\\bin\\Debug\\net5.0\\fine-code-coverage\\build-output\\Lab3.Test.dll"}}
TpTrace Verbose: 0 : 12756, 4, 2021/11/24, 18:44:22.304, 6980016696833, vstest.console.dll, TestRunRequest:SendTestRunMessage: Starting.
TpTrace Information: 0 : 12756, 4, 2021/11/24, 18:44:22.304, 6980016697290, vstest.console.dll, TestRunRequest:SendTestRunMessage: Completed.
TpTrace Verbose: 0 : 12756, 4, 2021/11/24, 18:44:22.304, 6980016697597, vstest.console.dll, TcpClientExtensions.MessageLoopAsync: Polling on remoteEndPoint: 127.0.0.1:62394 localEndPoint: 127.0.0.1:62393
TpTrace Verbose: 0 : 12756, 4, 2021/11/24, 18:44:22.402, 6980017669906, vstest.console.dll, TcpClientExtensions.MessageLoopAsync: NotifyDataAvailable remoteEndPoint: 127.0.0.1:62394 localEndPoint: 127.0.0.1:62393
TpTrace Verbose: 0 : 12756, 4, 2021/11/24, 18:44:22.402, 6980017670813, vstest.console.dll, TestRequestSender.OnExecutionMessageReceived: Received message: {"Version":5,"MessageType":"TestSession.Message","Payload":{"MessageLevel":0,"Message":"   NUnit3TestExecutor discovered 5 of 5 NUnit test cases using Current Discovery mode, Non-Explicit run"}}
TpTrace Verbose: 0 : 12756, 4, 2021/11/24, 18:44:22.402, 6980017673120, vstest.console.dll, TestRunRequest:SendTestRunMessage: Starting.
TpTrace Information: 0 : 12756, 4, 2021/11/24, 18:44:22.402, 6980017673692, vstest.console.dll, TestRunRequest:SendTestRunMessage: Completed.
TpTrace Verbose: 0 : 12756, 4, 2021/11/24, 18:44:22.402, 6980017674037, vstest.console.dll, TcpClientExtensions.MessageLoopAsync: Polling on remoteEndPoint: 127.0.0.1:62394 localEndPoint: 127.0.0.1:62393
TpTrace Verbose: 0 : 12756, 4, 2021/11/24, 18:44:23.411, 6980027765721, vstest.console.dll, TcpClientExtensions.MessageLoopAsync: Polling on remoteEndPoint: 127.0.0.1:62394 localEndPoint: 127.0.0.1:62393
TpTrace Verbose: 0 : 12756, 4, 2021/11/24, 18:44:23.483, 6980028483473, vstest.console.dll, TcpClientExtensions.MessageLoopAsync: NotifyDataAvailable remoteEndPoint: 127.0.0.1:62394 localEndPoint: 127.0.0.1:62393
TpTrace Verbose: 0 : 12756, 4, 2021/11/24, 18:44:23.483, 6980028484411, vstest.console.dll, TestRequestSender.OnExecutionMessageReceived: Received message: {"Version":5,"MessageType":"TestSession.Message","Payload":{"MessageLevel":0,"Message":"NUnit Adapter 4.1.0.0: Test execution complete"}}
TpTrace Verbose: 0 : 12756, 4, 2021/11/24, 18:44:23.483, 6980028485883, vstest.console.dll, TestRunRequest:SendTestRunMessage: Starting.
TpTrace Information: 0 : 12756, 4, 2021/11/24, 18:44:23.483, 6980028486326, vstest.console.dll, TestRunRequest:SendTestRunMessage: Completed.
TpTrace Verbose: 0 : 12756, 4, 2021/11/24, 18:44:23.483, 6980028486670, vstest.console.dll, TcpClientExtensions.MessageLoopAsync: Polling on remoteEndPoint: 127.0.0.1:62394 localEndPoint: 127.0.0.1:62393
TpTrace Verbose: 0 : 12756, 4, 2021/11/24, 18:44:23.517, 6980028820266, vstest.console.dll, TcpClientExtensions.MessageLoopAsync: NotifyDataAvailable remoteEndPoint: 127.0.0.1:62394 localEndPoint: 127.0.0.1:62393
TpTrace Verbose: 0 : 12756, 4, 2021/11/24, 18:44:23.517, 6980028821869, vstest.console.dll, TestRequestSender.OnExecutionMessageReceived: Received message: {"Version":5,"MessageType":"TestExecution.Completed","Payload":{"TestRunCompleteArgs":{"TestRunStatistics":{"ExecutedTests":5,"Stats":{"Passed":5}},"IsCanceled":false,"IsAborted":false,"Error":null,"AttachmentSets":[],"ElapsedTimeInRunningTests":"00:00:01.2174374","Metrics":{}},"LastRunTests":{"NewTestResults":[{"TestCase":{"Id":"4575a635-1455-d870-cb4f-033bfce92c84","FullyQualifiedName":"Lab3.Test.Tests.AddToGuestBd","DisplayName":"AddToGuestBd","ExecutorUri":"executor://NUnit3TestExecutor","Source":"D:\\Звіти 3 курс\\1 сем\\ООП\\Lab3\\DAL\\Lab3.Test\\bin\\Debug\\net5.0\\fine-code-coverage\\build-output\\Lab3.Test.dll","CodeFilePath":null,"LineNumber":0,"Properties":[{"Key":{"Id":"NUnit.Seed","Label":"Seed","Category":"","Description":"","Attributes":0,"ValueType":"System.String"},"Value":"1971610623"}]},"Attachments":[],"Outcome":1,"ErrorMessage":null,"ErrorStackTrace":null,"DisplayName":"AddToGuestBd","Messages":[],"ComputerName":"MAX-PC","Duration":"00:00:00.8774670","StartTime":"2021-11-24T16:44:22.4236769+00:00","EndTime":"2021-11-24T16:44:23.3010565+00:00","Properties":[{"Key":{"Id":"NUnit.Seed","Label":"Seed","Category":"","Description":"","Attributes":0,"ValueType":"System.String"},"Value":"1971610623"}]},{"TestCase":{"Id":"69f19e6d-3660-88e7-98fc-ba6d8e73ebbe","FullyQualifiedName":"Lab3.Test.Tests.AddToPostBd","DisplayName":"AddToPostBd","ExecutorUri":"executor://NUnit3TestExecutor","Source":"D:\\Звіти 3 курс\\1 сем\\ООП\\Lab3\\DAL\\Lab3.Test\\bin\\Debug\\net5.0\\fine-code-coverage\\build-output\\Lab3.Test.dll","CodeFilePath":null,"LineNumber":0,"Properties":[{"Key":{"Id":"NUnit.Seed","Label":"Seed","Category":"","Description":"","Attributes":0,"ValueType":"System.String"},"Value":"1749504766"}]},"Attachments":[],"Outcome":1,"ErrorMessage":null,"ErrorStackTrace":null,"DisplayName":"AddToPostBd","Messages":[],"ComputerName":"MAX-PC","Duration":"00:00:00.0639410","StartTime":"2021-11-24T16:44:23.3024547+00:00","EndTime":"2021-11-24T16:44:23.3663958+00:00","Properties":[{"Key":{"Id":"NUnit.Seed","Label":"Seed","Category":"","Description":"","Attributes":0,"ValueType":"System.String"},"Value":"1749504766"}]},{"TestCase":{"Id":"f5f2aa91-d092-d7ea-f9eb-c0e3e9baf12e","FullyQualifiedName":"Lab3.Test.Tests.CreateBd","DisplayName":"CreateBd","ExecutorUri":"executor://NUnit3TestExecutor","Source":"D:\\Звіти 3 курс\\1 сем\\ООП\\Lab3\\DAL\\Lab3.Test\\bin\\Debug\\net5.0\\fine-code-coverage\\build-output\\Lab3.Test.dll","CodeFilePath":null,"LineNumber":0,"Properties":[{"Key":{"Id":"NUnit.Seed","Label":"Seed","Category":"","Description":"","Attributes":0,"ValueType":"System.String"},"Value":"1181148067"}]},"Attachments":[],"Outcome":1,"ErrorMessage":null,"ErrorStackTrace":null,"DisplayName":"CreateBd","Messages":[],"ComputerName":"MAX-PC","Duration":"00:00:00.0035800","StartTime":"2021-11-24T16:44:23.3664228+00:00","EndTime":"2021-11-24T16:44:23.3700017+00:00","Properties":[{"Key":{"Id":"NUnit.Seed","Label":"Seed","Category":"","Description":"","Attributes":0,"ValueType":"System.String"},"Value":"1181148067"}]},{"TestCase":{"Id":"2b6f78b9-cf6e-bb1d-4e00-226098d98296","FullyQualifiedName":"Lab3.Test.Tests.RemoveFromGuestBd","DisplayName":"RemoveFromGuestBd","ExecutorUri":"executor://NUnit3TestExecutor","Source":"D:\\Звіти 3 курс\\1 сем\\ООП\\Lab3\\DAL\\Lab3.Test\\bin\\Debug\\net5.0\\fine-code-coverage\\build-output\\Lab3.Test.dll","CodeFilePath":null,"LineNumber":0,"Properties":[{"Key":{"Id":"NUnit.Seed","Label":"Seed","Category":"","Description":"","Attributes":0,"ValueType":"System.String"},"Value":"913559790"}]},"Attachments":[],"Outcome":1,"ErrorMessage":null,"ErrorStackTrace":null,"DisplayName":"RemoveFromGuestBd","Messages":[],"ComputerName":"MAX-PC","Duration":"00:00:00.0699420","StartTime":"2021-11-24T16:44:23.3700202+00:00","EndTime":"2021-11-24T16:44:23.4399619+00:00","Properties":[{"Key":{"Id":"NUnit.Seed","Label":"Seed","Category":"","Description":"","Attributes":0,"ValueType":"System.String"},"Value":"913559790"}]},{"TestCase":{"Id":"5cbab041-3f36-7afe-964c-2ed8fb437d6d","FullyQualifiedName":"Lab3.Test.Tests.RemoveFromPostBd","DisplayName":"RemoveFromPostBd","ExecutorUri":"executor://NUnit3TestExecutor","Source":"D:\\Звіти 3 курс\\1 сем\\ООП\\Lab3\\DAL\\Lab3.Test\\bin\\Debug\\net5.0\\fine-code-coverage\\build-output\\Lab3.Test.dll","CodeFilePath":null,"LineNumber":0,"Properties":[{"Key":{"Id":"NUnit.Seed","Label":"Seed","Category":"","Description":"","Attributes":0,"ValueType":"System.String"},"Value":"197406215"}]},"Attachments":[],"Outcome":1,"ErrorMessage":null,"ErrorStackTrace":null,"DisplayName":"RemoveFromPostBd","Messages":[],"ComputerName":"MAX-PC","Duration":"00:00:00.0396190","StartTime":"2021-11-24T16:44:23.4399825+00:00","EndTime":"2021-11-24T16:44:23.4796015+00:00","Properties":[{"Key":{"Id":"NUnit.Seed","Label":"Seed","Category":"","Description":"","Attributes":0,"ValueType":"System.String"},"Value":"197406215"}]}],"TestRunStatistics":{"ExecutedTests":5,"Stats":{"Passed":5}},"ActiveTests":[]},"RunAttachments":[],"ExecutorUris":["executor://nunit3testexecutor/"]}}
TpTrace Verbose: 0 : 12756, 4, 2021/11/24, 18:44:23.517, 6980028826767, vstest.console.dll, TestRequestSender.EndSession: Sending end session.
TpTrace Verbose: 0 : 12756, 4, 2021/11/24, 18:44:23.517, 6980028827650, vstest.console.dll, ProxyOperationManager.Close: waiting for test host to exit for 100 ms
TpTrace Warning: 0 : 12756, 10, 2021/11/24, 18:44:23.535, 6980029003971, vstest.console.dll, TestHostManagerCallbacks.ErrorReceivedCallback Test host standard error line: 
TpTrace Verbose: 0 : 12756, 7, 2021/11/24, 18:44:23.542, 6980029069812, vstest.console.dll, TestHostProvider.ExitCallBack: Host exited starting callback.
TpTrace Information: 0 : 12756, 7, 2021/11/24, 18:44:23.542, 6980029073371, vstest.console.dll, TestHostManagerCallbacks.ExitCallBack: Testhost processId: 13976 exited with exitcode: 0 error: ''
TpTrace Verbose: 0 : 12756, 7, 2021/11/24, 18:44:23.542, 6980029073943, vstest.console.dll, DotnetTestHostManager.OnHostExited: invoking OnHostExited callback
TpTrace Verbose: 0 : 12756, 7, 2021/11/24, 18:44:23.542, 6980029074358, vstest.console.dll, CrossPlatEngine.TestHostManagerHostExited: calling on client process exit callback.
TpTrace Information: 0 : 12756, 7, 2021/11/24, 18:44:23.542, 6980029074765, vstest.console.dll, TestRequestSender.OnClientProcessExit: Test host process exited. Standard error: 
TpTrace Information: 0 : 12756, 7, 2021/11/24, 18:44:23.542, 6980029075084, vstest.console.dll, SocketServer.Stop: Stop server endPoint: 127.0.0.1:62393
TpTrace Warning: 0 : 12756, 4, 2021/11/24, 18:44:23.542, 6980029075088, vstest.console.dll, ProxyOperationManager: Timed out waiting for test host to exit. Will terminate process.
TpTrace Information: 0 : 12756, 7, 2021/11/24, 18:44:23.542, 6980029075339, vstest.console.dll, SocketServer.Stop: Cancellation requested. Stopping message loop.
TpTrace Verbose: 0 : 12756, 4, 2021/11/24, 18:44:23.543, 6980029081005, vstest.console.dll, ProxyDataCollectionManager.InvokeDataCollectionServiceAction: Starting.
TpTrace Information: 0 : 12756, 4, 2021/11/24, 18:44:23.543, 6980029081574, vstest.console.dll, ProxyDataCollectionManager.AfterTestRunEnd: Get attachment set for datacollector processId: 1360 port: 62390
TpTrace Verbose: 0 : 12756, 4, 2021/11/24, 18:44:23.543, 6980029082018, vstest.console.dll, DataCollectionRequestSender.SendAfterTestRunStartAndGetResult : Send AfterTestRunEnd message with isCancelled: False
TpTrace Verbose: 0 : 12756, 4, 2021/11/24, 18:44:23.545, 6980029107596, vstest.console.dll, DataCollectionRequestSender.SendAfterTestRunStartAndGetResult : Received message: (DataCollection.AfterTestRunEndResult) -> {
  "AttachmentSets": [],
  "Metrics": {}
}
TpTrace Information: 0 : 12756, 4, 2021/11/24, 18:44:23.548, 6980029133140, vstest.console.dll, ProxyDataCollectionManager.InvokeDataCollectionServiceAction: Completed.
TpTrace Warning: 0 : 12756, 9, 2021/11/24, 18:44:23.551, 6980029161257, vstest.console.dll, DataCollectionLauncher.ErrorReceivedCallback datacollector standard error line: 
TpTrace Information: 0 : 12756, 7, 2021/11/24, 18:44:23.552, 6980029172512, vstest.console.dll, DataCollectionLauncher.ExitCallBack: Data collector exited with exitcode: 0 error: ''
TpTrace Verbose: 0 : 12756, 4, 2021/11/24, 18:44:23.588, 6980029536813, vstest.console.dll, TestRunRequest:SendTestRunStatsChange: Starting.
TpTrace Information: 0 : 12756, 4, 2021/11/24, 18:44:23.589, 6980029539106, vstest.console.dll, TestRunRequest:SendTestRunStatsChange: Completed.
TpTrace Verbose: 0 : 12756, 4, 2021/11/24, 18:44:23.589, 6980029540431, vstest.console.dll, ParallelProxyExecutionManager: HandlePartialRunComplete: Total completed clients = 1, Run complete = True, Run canceled: False.
TpTrace Verbose: 0 : 12756, 4, 2021/11/24, 18:44:23.605, 6980029708141, vstest.console.dll, TestRunRequest:TestRunComplete: Starting. IsAborted:False IsCanceled:False.
TpTrace Verbose: 0 : 12756, 4, 2021/11/24, 18:44:23.606, 6980029709250, vstest.console.dll, TestLoggerManager.HandleTestRunComplete: Ignoring as the object is disposed.
TpTrace Information: 0 : 12756, 4, 2021/11/24, 18:44:23.606, 6980029710934, vstest.console.dll, TestRunRequest:TestRunComplete: Completed.
TpTrace Verbose: 0 : 12756, 4, 2021/11/24, 18:44:23.606, 6980029711318, vstest.console.dll, TestRequestSender.SetOperationComplete: Setting operation complete.
TpTrace Verbose: 0 : 12756, 1, 2021/11/24, 18:44:23.606, 6980029711385, vstest.console.dll, TestRunRequest.Dispose: Starting.
TpTrace Information: 0 : 12756, 1, 2021/11/24, 18:44:23.606, 6980029712051, vstest.console.dll, TestRunRequest.Dispose: Completed.
TpTrace Information: 0 : 12756, 4, 2021/11/24, 18:44:23.606, 6980029711618, vstest.console.dll, SocketServer.Stop: Stop server endPoint: 127.0.0.1:62393
TpTrace Information: 0 : 12756, 4, 2021/11/24, 18:44:23.606, 6980029712806, vstest.console.dll, SocketServer.Stop: Cancellation requested. Stopping message loop.
TpTrace Information: 0 : 12756, 1, 2021/11/24, 18:44:23.606, 6980029712427, vstest.console.dll, TestRequestManager.RunTests: run tests completed.
TpTrace Information: 0 : 12756, 4, 2021/11/24, 18:44:23.606, 6980029713789, vstest.console.dll, SocketServer.PrivateStop: Stop server endPoint: 127.0.0.1:62393 error: 
TpTrace Information: 0 : 12756, 1, 2021/11/24, 18:44:23.606, 6980029713986, vstest.console.dll, RunTestsArgumentProcessor:Execute: Test run is completed.
TpTrace Verbose: 0 : 12756, 1, 2021/11/24, 18:44:23.606, 6980029715428, vstest.console.dll, Executor.Execute: Exiting with exit code of 0
TpTrace Verbose: 0 : 12756, 4, 2021/11/24, 18:44:23.606, 6980029717164, vstest.console.dll, LengthPrefixCommunicationChannel.Dispose: Dispose reader and writer.
TpTrace Information: 0 : 12756, 4, 2021/11/24, 18:44:23.606, 6980029717714, vstest.console.dll, SocketServer.Stop: Raise disconnected event endPoint: 127.0.0.1:62393 error: 
TpTrace Verbose: 0 : 12756, 4, 2021/11/24, 18:44:23.606, 6980029718186, vstest.console.dll, TestRequestSender: OnTestRunAbort: Operation is already complete. Skip error message.
TpTrace Verbose: 0 : 12756, 4, 2021/11/24, 18:44:23.606, 6980029718461, vstest.console.dll, TcpClientExtensions.MessageLoopAsync: exiting MessageLoopAsync remoteEndPoint: 127.0.0.1:62394 localEndPoint: 127.0.0.1:62393
